<?xml version="1.0" encoding="UTF-8"?>
<!-- Generated by org.testng.reporters.JUnitXMLReporter -->
<testsuite hostname="Shivaji-PC" ignored="0" name="Test-method test" tests="2" failures="0" timestamp="10 Aug 2018 15:56:45 GMT" time="0.133" errors="0">
  <testcase name="testMethodsTwo" time="0.015" classname="seleniumProjectCognizant.TestngClass"/>
  <testcase name="testMethodsOne" time="0.018" classname="seleniumProjectCognizant.TestngClass"/>
</testsuite> <!-- Test-method test -->
