<?xml version="1.0" encoding="UTF-8"?>
<!-- Generated by org.testng.reporters.JUnitReportReporter -->
<testsuite skipped="0" hostname="Shivaji-PC" name="seleniumProjectCognizant.TestngClass" tests="2" failures="0" timestamp="10 Aug 2018 15:56:45 GMT" time="0.066" errors="0">
  <testcase name="testMethodsTwo" time="0.031" classname="seleniumProjectCognizant.TestngClass"/>
  <testcase name="testMethodsOne" time="0.035" classname="seleniumProjectCognizant.TestngClass"/>
</testsuite> <!-- seleniumProjectCognizant.TestngClass -->
